Build started 3/20/2013 3:10:40 PM.
     1>Project "C:\Users\Duncan\Desktop\3D-Proj-Space-Jam-master\3D-Proj-Space-Jam-master\3DProj\EmptyProject_2010.vcxproj" on node 2 (build target(s)).
     1>InitializeBuildStatus:
         Creating "Debug\EmptyProject.unsuccessfulbuild" because "AlwaysCreate" was specified.
       ClCompile:
         All outputs are up-to-date.
         All outputs are up-to-date.
       ResourceCompile:
         All outputs are up-to-date.
       ManifestResourceCompile:
         All outputs are up-to-date.
       Link:
         All outputs are up-to-date.
       Manifest:
         All outputs are up-to-date.
         All outputs are up-to-date.
       FinalizeBuildStatus:
         Deleting file "Debug\EmptyProject.unsuccessfulbuild".
         Touching "Debug\EmptyProject.lastbuildstate".
     1>Done Building Project "C:\Users\Duncan\Desktop\3D-Proj-Space-Jam-master\3D-Proj-Space-Jam-master\3DProj\EmptyProject_2010.vcxproj" (build target(s)).

Build succeeded.

Time Elapsed 00:00:00.35
